--- Startup times for process: Primary (or UI client) ---

times in msec
 clock   self+sourced   self:  sourced script
 clock   elapsed:              other lines

000.005  000.005: --- NVIM STARTING ---
000.352  000.347: event init
000.545  000.193: early init
000.664  000.119: locale set
000.764  000.101: init first window
001.777  001.013: inits 1
001.799  000.022: window checked
001.806  000.006: parsing arguments
002.738  000.081  000.081: require('vim.shared')
002.911  000.074  000.074: require('vim.inspect')
002.997  000.070  000.070: require('vim._options')
003.000  000.257  000.112: require('vim._editor')
003.003  000.377  000.040: require('vim._init_packages')
003.007  000.824: init lua interpreter
005.622  002.616: nvim_ui_attach
006.152  000.530: nvim_set_client_info
006.157  000.005: --- NVIM STARTED ---

--- Startup times for process: Embedded ---

times in msec
 clock   self+sourced   self:  sourced script
 clock   elapsed:              other lines

000.004  000.004: --- NVIM STARTING ---
000.257  000.253: event init
000.397  000.140: early init
000.503  000.106: locale set
000.585  000.082: init first window
001.314  000.729: inits 1
001.343  000.029: window checked
001.348  000.005: parsing arguments
002.334  000.085  000.085: require('vim.shared')
002.535  000.075  000.075: require('vim.inspect')
002.624  000.071  000.071: require('vim._options')
002.628  000.287  000.142: require('vim._editor')
002.630  000.418  000.046: require('vim._init_packages')
002.633  000.867: init lua interpreter
002.758  000.124: expanding arguments
002.820  000.062: inits 2
003.363  000.543: init highlight
003.365  000.002: waiting for UI
003.572  000.207: done waiting for UI
003.583  000.011: clear screen
003.851  000.022  000.022: require('vim.keymap')
005.713  000.251  000.251: sourcing nvim_exec2()
006.010  002.423  002.149: require('vim._defaults')
006.013  000.008: init default mappings & autocommands
006.153  000.139: --cmd commands
007.180  000.077  000.077: sourcing /nix/store/393ljgkfg2p0cx77ycngz277w62g5jz9-neovim-unwrapped-0.11.3/share/nvim/runtime/ftplugin.vim
007.268  000.034  000.034: sourcing /nix/store/393ljgkfg2p0cx77ycngz277w62g5jz9-neovim-unwrapped-0.11.3/share/nvim/runtime/indent.vim
008.771  001.075  001.075: require('lazy')
008.832  000.038  000.038: require('ffi')
008.906  000.037  000.037: require('vim.fs')
009.099  000.189  000.189: require('vim.uri')
009.120  000.284  000.058: require('vim.loader')
009.308  000.159  000.159: require('lazy.stats')
009.502  000.157  000.157: require('lazy.core.util')
009.677  000.173  000.173: require('lazy.core.config')
009.975  000.098  000.098: require('lazy.core.handler')
010.425  000.125  000.125: require('lazy.pkg')
010.445  000.311  000.187: require('lazy.core.meta')
010.457  000.480  000.168: require('lazy.core.plugin')
010.473  000.794  000.216: require('lazy.core.loader')
011.086  000.107  000.107: require('lazy.core.fragments')
013.054  000.344  000.344: require('lazyvim.util')
013.081  000.790  000.446: require('lazyvim.config')
014.516  000.895  000.895: require('lazyvim.config.options')
014.955  000.387  000.387: require('config.options')
015.065  000.084  000.084: require('lazyvim.util.plugin')
015.207  000.138  000.138: require('lazyvim.util.deprecated')
015.374  000.138  000.138: require('lazyvim.util.inject')
015.583  000.204  000.204: require('lazy.core.handler.event')
018.294  000.346  000.346: require('vim.version')
022.097  000.126  000.126: require('lazyvim.util.lsp')
022.381  000.065  000.065: require('lazyvim.util.pick')
029.672  000.139  000.139: require('lazy.core.handler.cmd')
029.928  000.243  000.243: require('lazy.core.handler.keys')
030.100  000.165  000.165: require('lazy.core.handler.ft')
030.158  000.011  000.011: require('vim.F')
032.004  000.021  000.021: sourcing nvim_exec2() called at /nix/store/dh7s3cbpkh3h35nx6kac367wi182j13g-hm_nvim/init.lua:0
032.034  000.002  000.002: sourcing nvim_exec2() called at /nix/store/dh7s3cbpkh3h35nx6kac367wi182j13g-hm_nvim/init.lua:0
032.516  000.004  000.004: sourcing nvim_exec2() called at /nix/store/dh7s3cbpkh3h35nx6kac367wi182j13g-hm_nvim/init.lua:0
032.535  000.002  000.002: sourcing nvim_exec2() called at /nix/store/dh7s3cbpkh3h35nx6kac367wi182j13g-hm_nvim/init.lua:0
032.660  000.003  000.003: sourcing nvim_exec2() called at /nix/store/dh7s3cbpkh3h35nx6kac367wi182j13g-hm_nvim/init.lua:0
032.676  000.003  000.003: sourcing nvim_exec2() called at /nix/store/dh7s3cbpkh3h35nx6kac367wi182j13g-hm_nvim/init.lua:0
032.919  000.003  000.003: sourcing nvim_exec2() called at /nix/store/dh7s3cbpkh3h35nx6kac367wi182j13g-hm_nvim/init.lua:0
032.938  000.002  000.002: sourcing nvim_exec2() called at /nix/store/dh7s3cbpkh3h35nx6kac367wi182j13g-hm_nvim/init.lua:0
036.205  000.037  000.037: sourcing /home/viktor/.local/share/nvim/site/ftdetect/ghostty.vim
036.268  000.198  000.161: sourcing nvim_exec2() called at /nix/store/393ljgkfg2p0cx77ycngz277w62g5jz9-neovim-unwrapped-0.11.3/share/nvim/runtime/filetype.lua:0
036.273  000.438  000.240: sourcing /nix/store/393ljgkfg2p0cx77ycngz277w62g5jz9-neovim-unwrapped-0.11.3/share/nvim/runtime/filetype.lua
036.277  000.509  000.070: sourcing nvim_exec2() called at /nix/store/dh7s3cbpkh3h35nx6kac367wi182j13g-hm_nvim/init.lua:0
037.872  000.080  000.080: require('vim.treesitter.language')
037.923  000.043  000.043: require('vim.func')
037.979  000.049  000.049: require('vim.func._memoize')
038.041  000.530  000.358: require('vim.treesitter.query')
038.069  001.628  001.098: require('nvim-treesitter.query_predicates')
038.498  000.016  000.016: sourcing nvim_exec2() called at /nix/store/dh7s3cbpkh3h35nx6kac367wi182j13g-hm_nvim/init.lua:0
038.511  000.002  000.002: sourcing nvim_exec2() called at /nix/store/dh7s3cbpkh3h35nx6kac367wi182j13g-hm_nvim/init.lua:0
038.613  000.056  000.056: require('lazyvim')
039.911  000.006  000.006: sourcing nvim_exec2() called at ColorSchemePre Autocommands for "*":0
039.926  000.002  000.002: sourcing nvim_exec2() called at ColorSchemePre Autocommands for "*":0
041.105  000.075  000.075: require('rose-pine.config')
041.111  000.922  000.846: require('rose-pine')
041.268  000.055  000.055: require('rose-pine.utilities')
041.333  000.062  000.062: require('rose-pine.palette')
043.616  000.037  000.037: sourcing nvim_exec2() called at /home/viktor/.local/share/nvim/lazy/neovim/colors/rose-pine.lua:0
043.625  003.486  002.409: sourcing /home/viktor/.local/share/nvim/lazy/neovim/colors/rose-pine.lua
044.646  000.718  000.718: require('snacks')
044.651  000.783  000.065: sourcing /home/viktor/.local/share/nvim/lazy/snacks.nvim/plugin/snacks.lua
044.657  000.823  000.039: sourcing nvim_exec2() called at /nix/store/dh7s3cbpkh3h35nx6kac367wi182j13g-hm_nvim/init.lua:0
044.670  000.004  000.004: sourcing nvim_exec2() called at /nix/store/dh7s3cbpkh3h35nx6kac367wi182j13g-hm_nvim/init.lua:0
044.683  000.002  000.002: sourcing nvim_exec2() called at /nix/store/dh7s3cbpkh3h35nx6kac367wi182j13g-hm_nvim/init.lua:0
045.221  000.004  000.004: sourcing nvim_exec2() called at /nix/store/dh7s3cbpkh3h35nx6kac367wi182j13g-hm_nvim/init.lua:0
045.234  000.002  000.002: sourcing nvim_exec2() called at /nix/store/dh7s3cbpkh3h35nx6kac367wi182j13g-hm_nvim/init.lua:0
045.747  000.046  000.046: require('notify.util.queue')
045.751  000.111  000.065: require('notify.util')
045.847  000.040  000.040: sourcing nvim_exec2() called at /nix/store/dh7s3cbpkh3h35nx6kac367wi182j13g-hm_nvim/init.lua:0
045.869  000.016  000.016: sourcing nvim_exec2() called at /nix/store/dh7s3cbpkh3h35nx6kac367wi182j13g-hm_nvim/init.lua:0
045.872  000.118  000.063: require('notify.config.highlights')
045.877  000.316  000.087: require('notify.config')
045.979  000.043  000.043: require('notify.stages')
046.038  000.056  000.056: require('notify.service.notification')
046.223  000.038  000.038: require('notify.animate.spring')
046.226  000.091  000.053: require('notify.animate')
046.233  000.192  000.101: require('notify.windows')
046.566  000.057  000.057: require('notify.service.buffer.highlights')
046.573  000.227  000.170: require('notify.service.buffer')
046.577  000.341  000.115: require('notify.service')
046.644  000.065  000.065: require('notify.stages.util')
046.647  000.768  000.070: require('notify.instance')
046.656  001.324  000.240: require('notify')
046.872  000.104  000.104: require('notify.stages.fade_in_slide_out')
046.917  000.015  000.015: sourcing nvim_exec2() called at /nix/store/dh7s3cbpkh3h35nx6kac367wi182j13g-hm_nvim/init.lua:0
046.928  000.007  000.007: sourcing nvim_exec2() called at /nix/store/dh7s3cbpkh3h35nx6kac367wi182j13g-hm_nvim/init.lua:0
047.047  000.003  000.003: sourcing nvim_exec2() called at /nix/store/dh7s3cbpkh3h35nx6kac367wi182j13g-hm_nvim/init.lua:0
047.069  000.002  000.002: sourcing nvim_exec2() called at /nix/store/dh7s3cbpkh3h35nx6kac367wi182j13g-hm_nvim/init.lua:0
047.639  000.063  000.063: sourcing /home/viktor/.local/share/nvim/lazy/nvim-web-devicons/plugin/nvim-web-devicons.vim
047.646  000.100  000.038: sourcing nvim_exec2() called at /nix/store/dh7s3cbpkh3h35nx6kac367wi182j13g-hm_nvim/init.lua:0
047.717  000.003  000.003: sourcing nvim_exec2() called at /nix/store/dh7s3cbpkh3h35nx6kac367wi182j13g-hm_nvim/init.lua:0
047.761  000.002  000.002: sourcing nvim_exec2() called at /nix/store/dh7s3cbpkh3h35nx6kac367wi182j13g-hm_nvim/init.lua:0
047.778  000.002  000.002: sourcing nvim_exec2() called at /nix/store/dh7s3cbpkh3h35nx6kac367wi182j13g-hm_nvim/init.lua:0
047.793  000.001  000.001: sourcing nvim_exec2() called at /nix/store/dh7s3cbpkh3h35nx6kac367wi182j13g-hm_nvim/init.lua:0
048.700  000.235  000.235: require('nvim-tree.log')
049.198  000.106  000.106: require('nvim-tree.notify')
049.210  000.287  000.181: require('nvim-tree.events')
049.503  000.137  000.137: require('nvim-tree.iterators.node-iterator')
049.580  000.367  000.231: require('nvim-tree.utils')
049.619  000.911  000.256: require('nvim-tree.view')
049.926  000.066  000.066: require('nvim-tree.core')
050.149  000.133  000.133: require('nvim-tree.git.utils')
050.214  000.062  000.062: require('nvim-tree.renderer.components.devicons')
050.370  000.071  000.071: require('nvim-tree.classic')
050.381  000.164  000.093: require('nvim-tree.node')
050.393  000.464  000.104: require('nvim-tree.node.directory')
050.397  000.618  000.088: require('nvim-tree.actions.finders.find-file')
050.489  000.089  000.089: require('nvim-tree.actions.finders.search-node')
050.491  000.793  000.086: require('nvim-tree.actions.finders')
050.728  000.097  000.097: require('nvim-tree.node.file')
050.731  000.171  000.074: require('nvim-tree.actions.fs.create-file')
050.945  000.112  000.112: require('nvim-tree.lib')
051.079  000.064  000.064: require('nvim-tree.node.link')
051.162  000.214  000.150: require('nvim-tree.node.directory-link')
051.170  000.437  000.111: require('nvim-tree.actions.fs.remove-file')
051.270  000.098  000.098: require('nvim-tree.actions.fs.rename-file')
051.356  000.084  000.084: require('nvim-tree.actions.fs.trash')
051.360  000.867  000.078: require('nvim-tree.actions.fs')
052.048  000.392  000.392: require('nvim-tree.diagnostics')
052.054  000.583  000.190: require('nvim-tree.actions.moves.item')
052.258  000.202  000.202: require('nvim-tree.actions.moves.parent')
052.560  000.300  000.300: require('nvim-tree.actions.moves.sibling')
052.563  001.202  000.117: require('nvim-tree.actions.moves')
053.003  000.137  000.137: require('nvim-tree.actions.node.file-popup')
053.357  000.065  000.065: require('nvim-tree.renderer.components.full-name')
053.363  000.357  000.291: require('nvim-tree.actions.node.open-file')
053.404  000.037  000.037: require('nvim-tree.actions.node.run-command')
053.455  000.050  000.050: require('nvim-tree.actions.node.system-open')
053.495  000.038  000.038: require('nvim-tree.actions.node.buffer')
053.498  000.932  000.314: require('nvim-tree.actions.node')
053.588  000.049  000.049: require('nvim-tree.actions.root.change-dir')
053.627  000.037  000.037: require('nvim-tree.actions.root.dir-up')
053.629  000.130  000.044: require('nvim-tree.actions.root')
053.711  000.041  000.041: require('nvim-tree.actions.tree.find-file')
053.889  000.092  000.092: require('nvim-tree.actions.tree.modifiers.collapse')
053.943  000.051  000.051: require('nvim-tree.actions.tree.modifiers.expand')
053.945  000.232  000.088: require('nvim-tree.actions.tree.modifiers')
053.988  000.041  000.041: require('nvim-tree.actions.tree.open')
054.029  000.038  000.038: require('nvim-tree.actions.tree.toggle')
054.074  000.044  000.044: require('nvim-tree.actions.tree.resize')
054.077  000.445  000.049: require('nvim-tree.actions.tree')
054.079  004.458  000.090: require('nvim-tree.actions')
054.509  000.417  000.417: require('vim.diagnostic')
054.545  006.649  000.628: require('nvim-tree')
054.644  000.078  000.078: require('nvim-tree.legacy')
054.952  000.033  000.033: sourcing nvim_exec2() called at /nix/store/dh7s3cbpkh3h35nx6kac367wi182j13g-hm_nvim/init.lua:0
054.972  000.013  000.013: sourcing nvim_exec2() called at /nix/store/dh7s3cbpkh3h35nx6kac367wi182j13g-hm_nvim/init.lua:0
055.094  000.080  000.080: require('nvim-tree.keymap')
055.216  000.120  000.120: require('nvim-tree.appearance')
055.859  000.043  000.043: require('nvim-tree.buffers')
056.003  000.058  000.058: require('nvim-tree.git.runner')
056.064  000.058  000.058: require('nvim-tree.watcher')
056.071  000.209  000.092: require('nvim-tree.git')
056.182  000.073  000.073: require('nvim-tree.node.file-link')
056.185  000.112  000.039: require('nvim-tree.node.factory')
056.226  000.039  000.039: require('nvim-tree.node.root')
056.632  000.355  000.355: require('nvim-tree.enum')
056.677  000.448  000.093: require('nvim-tree.explorer.filters')
056.756  000.077  000.077: require('nvim-tree.marks')
056.822  000.064  000.064: require('nvim-tree.explorer.live-filter')
056.881  000.057  000.057: require('nvim-tree.explorer.sorter')
056.953  000.070  000.070: require('nvim-tree.actions.fs.clipboard')
057.140  000.045  000.045: require('nvim-tree.renderer.decorator')
057.173  000.124  000.079: require('nvim-tree.renderer.decorator.bookmarks')
057.211  000.036  000.036: require('nvim-tree.renderer.decorator.copied')
057.245  000.032  000.032: require('nvim-tree.renderer.decorator.cut')
057.289  000.042  000.042: require('nvim-tree.renderer.decorator.diagnostics')
057.344  000.053  000.053: require('nvim-tree.renderer.decorator.git')
057.381  000.036  000.036: require('nvim-tree.renderer.decorator.hidden')
057.418  000.035  000.035: require('nvim-tree.renderer.decorator.modified')
057.477  000.057  000.057: require('nvim-tree.renderer.decorator.opened')
057.511  000.032  000.032: require('nvim-tree.renderer.decorator.user')
057.549  000.036  000.036: require('nvim-tree.renderer.components.padding')
057.575  000.577  000.092: require('nvim-tree.renderer.builder')
057.582  000.627  000.049: require('nvim-tree.renderer')
057.612  001.926  000.179: require('nvim-tree.explorer')
057.656  000.041  000.041: require('nvim-tree.explorer.watch')
057.809  000.044  000.044: require('nvim-tree.renderer.components')
059.057  000.008  000.008: sourcing nvim_exec2() called at /nix/store/dh7s3cbpkh3h35nx6kac367wi182j13g-hm_nvim/init.lua:0
059.072  000.002  000.002: sourcing nvim_exec2() called at /nix/store/dh7s3cbpkh3h35nx6kac367wi182j13g-hm_nvim/init.lua:0
060.584  001.426  001.426: require('mini.icons')
060.792  002.978  001.542: require('mini.icons')
060.873  003.060  000.082: require('nvim-web-devicons')
061.023  000.141  000.141: require('nvim-tree.help')
061.240  000.105  000.105: require('nvim-tree.appearance.hi-test')
061.362  000.337  000.231: require('nvim-tree.api')
061.537  000.114  000.114: require('nvim-tree.commands')
061.817  000.018  000.018: sourcing nvim_exec2() called at /nix/store/dh7s3cbpkh3h35nx6kac367wi182j13g-hm_nvim/init.lua:0
061.835  000.002  000.002: sourcing nvim_exec2() called at /nix/store/dh7s3cbpkh3h35nx6kac367wi182j13g-hm_nvim/init.lua:0
062.458  000.609  000.609: require('mini.indentscope')
063.117  000.013  000.013: sourcing nvim_exec2() called at /nix/store/dh7s3cbpkh3h35nx6kac367wi182j13g-hm_nvim/init.lua:0
063.135  000.002  000.002: sourcing nvim_exec2() called at /nix/store/dh7s3cbpkh3h35nx6kac367wi182j13g-hm_nvim/init.lua:0
063.653  000.066  000.066: require('harpoon.utils')
063.662  000.148  000.082: require('harpoon.logger')
063.906  000.067  000.067: require('harpoon.autocmd')
063.915  000.167  000.100: require('harpoon.buffer')
064.000  000.083  000.083: require('harpoon.extensions')
064.008  000.344  000.095: require('harpoon.ui')
064.617  000.050  000.050: sourcing /home/viktor/.local/share/nvim/lazy/plenary.nvim/plugin/plenary.vim
064.623  000.096  000.046: sourcing nvim_exec2() called at /nix/store/dh7s3cbpkh3h35nx6kac367wi182j13g-hm_nvim/init.lua:0
064.633  000.003  000.003: sourcing nvim_exec2() called at /nix/store/dh7s3cbpkh3h35nx6kac367wi182j13g-hm_nvim/init.lua:0
064.646  000.002  000.002: sourcing nvim_exec2() called at /nix/store/dh7s3cbpkh3h35nx6kac367wi182j13g-hm_nvim/init.lua:0
065.208  000.358  000.358: require('plenary.bit')
065.312  000.101  000.101: require('plenary.functional')
065.417  001.344  000.784: require('plenary.path')
065.442  001.432  000.088: require('harpoon.data')
065.528  000.084  000.084: require('harpoon.config')
065.641  000.111  000.111: require('harpoon.list')
072.173  009.029  006.910: require('harpoon')
072.891  000.085  000.085: require('tsc.better-messages')
073.477  000.017  000.017: sourcing nvim_exec2() called at /nix/store/dh7s3cbpkh3h35nx6kac367wi182j13g-hm_nvim/init.lua:0
073.490  000.002  000.002: sourcing nvim_exec2() called at /nix/store/dh7s3cbpkh3h35nx6kac367wi182j13g-hm_nvim/init.lua:0
073.833  000.309  000.309: require('trouble')
074.024  000.187  000.187: require('trouble.config')
074.646  000.506  000.506: require('trouble.util')
074.678  000.621  000.115: require('trouble.config.highlights')
075.912  000.309  000.309: require('trouble.cache')
076.230  000.308  000.308: require('trouble.format')
076.347  000.114  000.114: require('trouble.view.indent')
076.484  000.135  000.135: require('trouble.view.text')
076.490  001.109  000.243: require('trouble.view.render')
076.494  001.283  000.173: require('trouble.view.preview')
076.498  001.442  000.159: require('trouble.view.main')
076.584  003.688  001.111: require('trouble')
076.589  003.898  000.125: require('tsc.utils')
076.594  004.213  000.315: require('tsc')
077.122  000.009  000.009: sourcing nvim_exec2() called at /nix/store/dh7s3cbpkh3h35nx6kac367wi182j13g-hm_nvim/init.lua:0
077.152  000.002  000.002: sourcing nvim_exec2() called at /nix/store/dh7s3cbpkh3h35nx6kac367wi182j13g-hm_nvim/init.lua:0
077.403  000.003  000.003: sourcing nvim_exec2() called at /nix/store/dh7s3cbpkh3h35nx6kac367wi182j13g-hm_nvim/init.lua:0
077.413  000.001  000.001: sourcing nvim_exec2() called at /nix/store/dh7s3cbpkh3h35nx6kac367wi182j13g-hm_nvim/init.lua:0
077.698  000.229  000.229: sourcing /home/viktor/.local/share/nvim/lazy/telescope.nvim/plugin/telescope.lua
077.704  000.264  000.036: sourcing nvim_exec2() called at /nix/store/dh7s3cbpkh3h35nx6kac367wi182j13g-hm_nvim/init.lua:0
077.711  000.002  000.002: sourcing nvim_exec2() called at /nix/store/dh7s3cbpkh3h35nx6kac367wi182j13g-hm_nvim/init.lua:0
077.721  000.001  000.001: sourcing nvim_exec2() called at /nix/store/dh7s3cbpkh3h35nx6kac367wi182j13g-hm_nvim/init.lua:0
077.991  000.055  000.055: sourcing /nix/store/393ljgkfg2p0cx77ycngz277w62g5jz9-neovim-unwrapped-0.11.3/share/nvim/runtime/plugin/editorconfig.lua
077.995  000.083  000.027: sourcing nvim_exec2() called at /nix/store/dh7s3cbpkh3h35nx6kac367wi182j13g-hm_nvim/init.lua:0
078.075  000.053  000.053: sourcing /nix/store/393ljgkfg2p0cx77ycngz277w62g5jz9-neovim-unwrapped-0.11.3/share/nvim/runtime/plugin/man.lua
078.079  000.075  000.022: sourcing nvim_exec2() called at /nix/store/dh7s3cbpkh3h35nx6kac367wi182j13g-hm_nvim/init.lua:0
078.709  000.235  000.235: sourcing /nix/store/393ljgkfg2p0cx77ycngz277w62g5jz9-neovim-unwrapped-0.11.3/share/nvim/runtime/pack/dist/opt/matchit/plugin/matchit.vim
078.732  000.629  000.394: sourcing /nix/store/393ljgkfg2p0cx77ycngz277w62g5jz9-neovim-unwrapped-0.11.3/share/nvim/runtime/plugin/matchit.vim
078.736  000.649  000.020: sourcing nvim_exec2() called at /nix/store/dh7s3cbpkh3h35nx6kac367wi182j13g-hm_nvim/init.lua:0
078.929  000.168  000.168: sourcing /nix/store/393ljgkfg2p0cx77ycngz277w62g5jz9-neovim-unwrapped-0.11.3/share/nvim/runtime/plugin/matchparen.vim
078.932  000.190  000.022: sourcing nvim_exec2() called at /nix/store/dh7s3cbpkh3h35nx6kac367wi182j13g-hm_nvim/init.lua:0
079.587  000.287  000.287: sourcing /nix/store/393ljgkfg2p0cx77ycngz277w62g5jz9-neovim-unwrapped-0.11.3/share/nvim/runtime/pack/dist/opt/netrw/plugin/netrwPlugin.vim
079.617  000.660  000.372: sourcing /nix/store/393ljgkfg2p0cx77ycngz277w62g5jz9-neovim-unwrapped-0.11.3/share/nvim/runtime/plugin/netrwPlugin.vim
079.620  000.681  000.021: sourcing nvim_exec2() called at /nix/store/dh7s3cbpkh3h35nx6kac367wi182j13g-hm_nvim/init.lua:0
079.716  000.061  000.061: sourcing /nix/store/393ljgkfg2p0cx77ycngz277w62g5jz9-neovim-unwrapped-0.11.3/share/nvim/runtime/plugin/osc52.lua
079.719  000.093  000.031: sourcing nvim_exec2() called at /nix/store/dh7s3cbpkh3h35nx6kac367wi182j13g-hm_nvim/init.lua:0
079.871  000.007  000.007: sourcing /nix/store/bp63lpyvxkkybhnqdw90b0d519sfks57-neovim-0.11.3/rplugin.vim
080.046  000.295  000.288: sourcing /nix/store/393ljgkfg2p0cx77ycngz277w62g5jz9-neovim-unwrapped-0.11.3/share/nvim/runtime/plugin/rplugin.vim
080.049  000.325  000.030: sourcing nvim_exec2() called at /nix/store/dh7s3cbpkh3h35nx6kac367wi182j13g-hm_nvim/init.lua:0
080.148  000.065  000.065: sourcing /nix/store/393ljgkfg2p0cx77ycngz277w62g5jz9-neovim-unwrapped-0.11.3/share/nvim/runtime/plugin/shada.vim
080.150  000.095  000.030: sourcing nvim_exec2() called at /nix/store/dh7s3cbpkh3h35nx6kac367wi182j13g-hm_nvim/init.lua:0
080.211  000.019  000.019: sourcing /nix/store/393ljgkfg2p0cx77ycngz277w62g5jz9-neovim-unwrapped-0.11.3/share/nvim/runtime/plugin/spellfile.vim
080.214  000.055  000.037: sourcing nvim_exec2() called at /nix/store/dh7s3cbpkh3h35nx6kac367wi182j13g-hm_nvim/init.lua:0
080.407  073.036  029.329: require('config.lazy')
080.411  073.059  000.023: sourcing /home/viktor/.config/nvim/init.lua
080.421  001.099: sourcing vimrc file(s)
080.852  000.057  000.057: sourcing /nix/store/393ljgkfg2p0cx77ycngz277w62g5jz9-neovim-unwrapped-0.11.3/share/nvim/runtime/filetype.lua
081.138  000.082  000.082: sourcing /nix/store/393ljgkfg2p0cx77ycngz277w62g5jz9-neovim-unwrapped-0.11.3/share/nvim/runtime/syntax/synload.vim
081.236  000.306  000.224: sourcing /nix/store/393ljgkfg2p0cx77ycngz277w62g5jz9-neovim-unwrapped-0.11.3/share/nvim/runtime/syntax/syntax.vim
081.244  000.461: inits 3
085.555  004.310: reading ShaDa
085.815  000.260: opening buffers
085.944  000.130: BufEnter autocommands
085.948  000.004: editing files in windows
085.984  000.036: VimEnter autocommands
086.585  000.138  000.138: require('snacks.util')
086.629  000.600  000.462: require('snacks.dashboard')
086.911  000.056  000.056: require('lazyvim.util.ui')
091.185  000.075  000.075: require('vim.ui')
091.195  000.358  000.283: require('snacks.input')
091.323  000.123  000.123: require('snacks.scope')
091.577  000.056  000.056: require('vim.termcap')
091.612  000.021  000.021: require('vim.text')
091.657  004.459: UIEnter autocommands
091.659  000.002: before starting main loop
092.959  001.299: first screen update
092.963  000.004: --- NVIM STARTED ---

